
2012-09-07 15:39:01...installerHook: Could not find custom/install/install_hooks.php
2012-09-07 15:39:05...installerHook: Could not find custom/install/install_hooks.php
2012-09-07 15:39:11...installerHook: Could not find custom/install/install_hooks.php
2012-09-07 15:39:16...Begin System Check Process *************
2012-09-07 15:39:16...XML Parsing Support Found
2012-09-07 15:39:16...MBString Support Found
2012-09-07 15:39:16...ZIP Support Found
2012-09-07 15:39:16.../custom directory and subdirectory check passed
2012-09-07 15:39:16...cache directory and subdirectory check passed
2012-09-07 15:39:16.../module  directory and subdirectory check passed
2012-09-07 15:39:16.../upload directory check passed
2012-09-07 15:39:16.../zip check passed
2012-09-07 15:39:16...installerHook: Could not find custom/install/install_hooks.php
2012-09-07 15:39:16...php.ini location found. /etc/php.ini
2012-09-07 15:39:16...Outputting HTML for System check
2012-09-07 15:39:16...No Errors were found *************
2012-09-07 15:39:19...installerHook: Could not find custom/install/install_hooks.php
2012-09-07 15:39:23...installerHook: Could not find custom/install/install_hooks.php
2012-09-07 15:39:29...installerHook: Could not find custom/install/install_hooks.php
2012-09-07 15:39:47...Begin DB Check Process *************
2012-09-07 15:39:47...testing with mysql:mysqli
2012-09-07 15:39:47...Basic form info is valid, continuing Process.
2012-09-07 15:39:47...Testing user account...
2012-09-07 15:39:48...Connection made using  host: dev.peopleandtools.com, usr: dev
2012-09-07 15:39:48...Testing priviliged account...
2012-09-07 15:39:48...Connection made using  host: dev.peopleandtools.com, usr: dev
2012-09-07 15:39:48...DB not selected, will create dev_gers
2012-09-07 15:39:48...Passed DB install check
2012-09-07 15:39:48...SUCCESS:: no errors detected!
2012-09-07 15:39:48...End DB Check Process *************
2012-09-07 15:39:48...installerHook: Could not find custom/install/install_hooks.php
2012-09-07 15:40:10...installerHook: Could not find custom/install/install_hooks.php
2012-09-07 15:40:14...installerHook: Could not find custom/install/install_hooks.php
2012-09-07 15:40:19...installerHook: Could not find custom/install/install_hooks.php
2012-09-07 15:40:19...calling handleSugarConfig()
2012-09-07 15:40:19...calling handleLog4Php()
2012-09-07 15:40:19...calling handleHtaccess()
2012-09-07 15:40:19...calling handleDbCreateDatabase()
2012-09-07 15:40:19...looping through all the Beans and create their tables
2012-09-07 15:40:19...processing table acl_actions
2012-09-07 15:40:19...creating table acl_actions
2012-09-07 15:40:19...creating Relationship Meta for ACLAction
2012-09-07 15:40:19...processing table acl_roles
2012-09-07 15:40:19...creating table acl_roles
2012-09-07 15:40:19...creating Relationship Meta for ACLRole
2012-09-07 15:40:19...processing table relationships
2012-09-07 15:40:19...creating table relationships
2012-09-07 15:40:19...creating Relationship Meta for Relationship
2012-09-07 15:40:19...processing table leads
2012-09-07 15:40:19...creating table leads
2012-09-07 15:40:19...creating Relationship Meta for Lead
2012-09-07 15:40:19...processing table cases
2012-09-07 15:40:19...creating table cases
2012-09-07 15:40:19...creating Relationship Meta for Case
2012-09-07 15:40:19...processing table bugs
2012-09-07 15:40:19...creating table bugs
2012-09-07 15:40:19...creating Relationship Meta for Bug
2012-09-07 15:40:19...processing table users
2012-09-07 15:40:20...creating table users
2012-09-07 15:40:20...creating Relationship Meta for User
2012-09-07 15:40:20...processing table campaign_log
2012-09-07 15:40:20...creating table campaign_log
2012-09-07 15:40:20...creating Relationship Meta for CampaignLog
2012-09-07 15:40:20...processing table project
2012-09-07 15:40:20...creating table project
2012-09-07 15:40:20...creating Relationship Meta for Project
2012-09-07 15:40:20...processing table project_task
2012-09-07 15:40:20...creating table project_task
2012-09-07 15:40:20...creating Relationship Meta for ProjectTask
2012-09-07 15:40:20...processing table campaigns
2012-09-07 15:40:20...creating table campaigns
2012-09-07 15:40:20...creating Relationship Meta for Campaign
2012-09-07 15:40:20...processing table prospect_lists
2012-09-07 15:40:20...creating table prospect_lists
2012-09-07 15:40:20...creating Relationship Meta for ProspectList
2012-09-07 15:40:20...processing table prospects
2012-09-07 15:40:20...creating table prospects
2012-09-07 15:40:20...creating Relationship Meta for Prospect
2012-09-07 15:40:20...processing table email_marketing
2012-09-07 15:40:20...creating table email_marketing
2012-09-07 15:40:20...creating Relationship Meta for EmailMarketing
2012-09-07 15:40:20...processing table campaign_trkrs
2012-09-07 15:40:20...creating table campaign_trkrs
2012-09-07 15:40:20...creating Relationship Meta for CampaignTracker
2012-09-07 15:40:20...processing table releases
2012-09-07 15:40:20...creating table releases
2012-09-07 15:40:20...creating Relationship Meta for Release
2012-09-07 15:40:20...processing table emailman
2012-09-07 15:40:20...creating table emailman
2012-09-07 15:40:20...creating Relationship Meta for EmailMan
2012-09-07 15:40:20...processing table schedulers
2012-09-07 15:40:20...creating table schedulers
2012-09-07 15:40:20...creating Relationship Meta for Scheduler
2012-09-07 15:40:20...processing table job_queue
2012-09-07 15:40:20...creating table job_queue
2012-09-07 15:40:20...creating Relationship Meta for SchedulersJob
2012-09-07 15:40:20...processing table contacts
2012-09-07 15:40:20...creating table contacts
2012-09-07 15:40:20...creating Relationship Meta for Contact
2012-09-07 15:40:20...processing table accounts
2012-09-07 15:40:20...creating table accounts
2012-09-07 15:40:20...creating Relationship Meta for Account
2012-09-07 15:40:20...processing table opportunities
2012-09-07 15:40:20...creating table opportunities
2012-09-07 15:40:20...creating Relationship Meta for Opportunity
2012-09-07 15:40:20...processing table email_templates
2012-09-07 15:40:20...creating table email_templates
2012-09-07 15:40:20...creating Relationship Meta for EmailTemplate
2012-09-07 15:40:20...processing table notes
2012-09-07 15:40:21...creating table notes
2012-09-07 15:40:21...creating Relationship Meta for Note
2012-09-07 15:40:21...processing table calls
2012-09-07 15:40:21...creating table calls
2012-09-07 15:40:21...creating Relationship Meta for Call
2012-09-07 15:40:21...processing table emails
2012-09-07 15:40:21...creating table emails
2012-09-07 15:40:21...creating Relationship Meta for Email
2012-09-07 15:40:21...processing table meetings
2012-09-07 15:40:21...creating table meetings
2012-09-07 15:40:21...creating Relationship Meta for Meeting
2012-09-07 15:40:21...processing table tasks
2012-09-07 15:40:21...creating table tasks
2012-09-07 15:40:21...creating Relationship Meta for Task
2012-09-07 15:40:21...processing table users
2012-09-07 15:40:21...processing table users
2012-09-07 15:40:21...processing table currencies
2012-09-07 15:40:21...creating table currencies
2012-09-07 15:40:21...creating Relationship Meta for Currency
2012-09-07 15:40:21...processing table tracker
2012-09-07 15:40:21...creating table tracker
2012-09-07 15:40:21...creating Relationship Meta for Tracker
2012-09-07 15:40:21...processing table import_maps
2012-09-07 15:40:21...creating table import_maps
2012-09-07 15:40:21...creating Relationship Meta for ImportMap
2012-09-07 15:40:21...processing table users_last_import
2012-09-07 15:40:21...creating table users_last_import
2012-09-07 15:40:21...creating Relationship Meta for UsersLastImport
2012-09-07 15:40:21...processing table config
2012-09-07 15:40:21...creating table config
2012-09-07 15:40:21...creating Relationship Meta for Administration
2012-09-07 15:40:21...processing table upgrade_history
2012-09-07 15:40:21...creating table upgrade_history
2012-09-07 15:40:21...creating Relationship Meta for UpgradeHistory
2012-09-07 15:40:21...processing table vcals
2012-09-07 15:40:21...creating table vcals
2012-09-07 15:40:21...creating Relationship Meta for vCal
2012-09-07 15:40:21...processing table versions
2012-09-07 15:40:21...creating table versions
2012-09-07 15:40:21...creating Relationship Meta for Version
2012-09-07 15:40:21...processing table roles
2012-09-07 15:40:21...creating table roles
2012-09-07 15:40:21...creating Relationship Meta for Role
2012-09-07 15:40:21...processing table documents
2012-09-07 15:40:21...creating table documents
2012-09-07 15:40:21...creating Relationship Meta for Document
2012-09-07 15:40:21...processing table document_revisions
2012-09-07 15:40:21...creating table document_revisions
2012-09-07 15:40:21...creating Relationship Meta for DocumentRevision
2012-09-07 15:40:21...processing table fields_meta_data
2012-09-07 15:40:21...creating table fields_meta_data
2012-09-07 15:40:21...creating Relationship Meta for FieldsMetaData
2012-09-07 15:40:21...processing table inbound_email
2012-09-07 15:40:21...creating table inbound_email
2012-09-07 15:40:21...creating Relationship Meta for InboundEmail
2012-09-07 15:40:21...processing table saved_search
2012-09-07 15:40:21...creating table saved_search
2012-09-07 15:40:21...creating Relationship Meta for SavedSearch
2012-09-07 15:40:21...processing table user_preferences
2012-09-07 15:40:21...creating table user_preferences
2012-09-07 15:40:21...creating Relationship Meta for UserPreference
2012-09-07 15:40:21...processing table 
2012-09-07 15:40:21...processing table email_addresses
2012-09-07 15:40:21...creating table email_addresses
2012-09-07 15:40:21...creating Relationship Meta for EmailAddress
2012-09-07 15:40:21...processing table emails_text
2012-09-07 15:40:21...creating table emails_text
2012-09-07 15:40:21...creating Relationship Meta for EmailText
2012-09-07 15:40:21...processing table sugarfeed
2012-09-07 15:40:21...creating table sugarfeed
2012-09-07 15:40:21...creating Relationship Meta for SugarFeed
2012-09-07 15:40:21...processing table eapm
2012-09-07 15:40:21...creating table eapm
2012-09-07 15:40:21...creating Relationship Meta for EAPM
2012-09-07 15:40:21...processing table oauth_consumer
2012-09-07 15:40:22...creating table oauth_consumer
2012-09-07 15:40:22...creating Relationship Meta for OAuthKey
2012-09-07 15:40:22...processing table oauth_tokens
2012-09-07 15:40:22...creating table oauth_tokens
2012-09-07 15:40:22...creating Relationship Meta for OAuthToken
2012-09-07 15:40:24...Begin creating Defaults
2012-09-07 15:40:24...insert defaults into config table
2012-09-07 15:40:24...Creating default users
2012-09-07 15:40:24...Creating default scheduler jobs
2012-09-07 15:40:24...Enable SugarFeeds
2012-09-07 15:40:24...Enable InsideView Connector
2012-09-07 15:40:24...Creating FTS logic hook
2012-09-07 15:40:24...populating the db with seed data
2012-09-07 15:40:24...Installation has completed *********
2012-09-07 15:40:30...installerHook: Could not find custom/install/install_hooks.php
2012-09-07 15:40:36...installerHook: Could not find custom/install/install_hooks.php