Fri, 07 Sep 2012 10:42:03 -0500 [UpgradeWizard] - setting session variables...
Fri, 07 Sep 2012 10:42:03 -0500 [UpgradeWizard] - -----------------------------------------------------------------------------
Fri, 07 Sep 2012 10:42:03 -0500 [UpgradeWizard] - Upgrade started. At start.php
Fri, 07 Sep 2012 10:42:03 -0500 [UpgradeWizard] - at unlinkUWTempFiles()
Fri, 07 Sep 2012 10:42:03 -0500 [UpgradeWizard] - finished!
Fri, 07 Sep 2012 10:42:03 -0500 [UpgradeWizard] - resetting $_SESSION
Fri, 07 Sep 2012 10:42:20 -0500 [UpgradeWizard] - setting session variables...
Fri, 07 Sep 2012 10:42:20 -0500 [UpgradeWizard] - [At systemCheck.php]
Fri, 07 Sep 2012 10:42:20 -0500 [UpgradeWizard] - Starting file permission check...
Fri, 07 Sep 2012 10:42:28 -0500 [UpgradeWizard] - Finished file permission check.
Fri, 07 Sep 2012 10:42:28 -0500 [UpgradeWizard] - Starting database permissions check...
Fri, 07 Sep 2012 10:42:28 -0500 [UpgradeWizard] - Checking CREATE TABLE permissions...
Fri, 07 Sep 2012 10:42:28 -0500 [UpgradeWizard] - Checking INSERT INTO permissions...
Fri, 07 Sep 2012 10:42:28 -0500 [UpgradeWizard] - Checking UPDATE TABLE permissions...
Fri, 07 Sep 2012 10:42:28 -0500 [UpgradeWizard] - Checking SELECT permissions...
Fri, 07 Sep 2012 10:42:28 -0500 [UpgradeWizard] - Checking DELETE FROM permissions...
Fri, 07 Sep 2012 10:42:28 -0500 [UpgradeWizard] - Checking ALTER TABLE ADD COLUMN permissions...
Fri, 07 Sep 2012 10:42:29 -0500 [UpgradeWizard] - Checking ALTER TABLE CHANGE COLUMN permissions...
Fri, 07 Sep 2012 10:42:29 -0500 [UpgradeWizard] - Checking ALTER TABLE DROP COLUMN permissions...
Fri, 07 Sep 2012 10:42:29 -0500 [UpgradeWizard] - Checking DROP TABLE permissions...
Fri, 07 Sep 2012 10:42:29 -0500 [UpgradeWizard] - No permissions errors found!
Fri, 07 Sep 2012 10:42:29 -0500 [UpgradeWizard] - Finished database permissions check.
Fri, 07 Sep 2012 10:43:14 -0500 [UpgradeWizard] - setting session variables...
Fri, 07 Sep 2012 10:43:14 -0500 [UpgradeWizard] - At upload.php
Fri, 07 Sep 2012 10:43:14 -0500 [UpgradeWizard] - finding new files for upgrade
Fri, 07 Sep 2012 10:43:14 -0500 [UpgradeWizard] - *** UW using [  ] as source for patch files.
Fri, 07 Sep 2012 10:47:31 -0500 [UpgradeWizard] - setting session variables...
Fri, 07 Sep 2012 10:47:31 -0500 [UpgradeWizard] - At upload.php
Fri, 07 Sep 2012 10:47:31 -0500 [UpgradeWizard] - running upload
Fri, 07 Sep 2012 10:47:31 -0500 [UpgradeWizard] - ERROR: no file uploaded!
Fri, 07 Sep 2012 10:47:31 -0500 [UpgradeWizard] - finding new files for upgrade
Fri, 07 Sep 2012 10:47:31 -0500 [UpgradeWizard] - *** UW using [  ] as source for patch files.
Fri, 07 Sep 2012 11:03:19 -0500 [UpgradeWizard] - setting session variables...
Fri, 07 Sep 2012 11:03:19 -0500 [UpgradeWizard] - At upload.php
Fri, 07 Sep 2012 11:03:19 -0500 [UpgradeWizard] - finding new files for upgrade
Fri, 07 Sep 2012 11:03:19 -0500 [UpgradeWizard] - *** UW using [  ] as source for patch files.
Fri, 07 Sep 2012 11:04:20 -0500 [UpgradeWizard] - setting session variables...
Fri, 07 Sep 2012 11:04:20 -0500 [UpgradeWizard] - At upload.php
Fri, 07 Sep 2012 11:04:20 -0500 [UpgradeWizard] - running upload
Fri, 07 Sep 2012 11:04:20 -0500 [UpgradeWizard] - File uploaded to upload://SugarEnt-6.3.1-lang-es_es-20120203.zip
Fri, 07 Sep 2012 11:04:20 -0500 [UpgradeWizard] - extracting manifest.
Fri, 07 Sep 2012 11:04:20 -0500 [UpgradeWizard] - validating manifest.php file
Fri, 07 Sep 2012 11:04:20 -0500 [UpgradeWizard] - finding new files for upgrade
Fri, 07 Sep 2012 11:04:20 -0500 [UpgradeWizard] - *** UW using [  ] as source for patch files.
Fri, 07 Sep 2012 11:05:17 -0500 [UpgradeWizard] - setting session variables...
Fri, 07 Sep 2012 11:05:17 -0500 [UpgradeWizard] - At upload.php
Fri, 07 Sep 2012 11:05:17 -0500 [UpgradeWizard] - running upload
Fri, 07 Sep 2012 11:05:17 -0500 [UpgradeWizard] - File uploaded to upload://spanglish.zip
Fri, 07 Sep 2012 11:05:17 -0500 [UpgradeWizard] - extracting manifest.
Fri, 07 Sep 2012 11:05:17 -0500 [UpgradeWizard] - validating manifest.php file
Fri, 07 Sep 2012 11:05:17 -0500 [UpgradeWizard] - ERROR: incorrect patch type found: langpack
Fri, 07 Sep 2012 11:05:17 -0500 [UpgradeWizard] - at unlinkUWTempFiles()
Fri, 07 Sep 2012 11:05:17 -0500 [UpgradeWizard] - finished!
Fri, 07 Sep 2012 11:05:17 -0500 [UpgradeWizard] - finding new files for upgrade
Fri, 07 Sep 2012 11:05:17 -0500 [UpgradeWizard] - *** UW using [  ] as source for patch files.
Fri, 07 Sep 2012 11:06:46 -0500 [UpgradeWizard] - setting session variables...
Fri, 07 Sep 2012 11:06:46 -0500 [UpgradeWizard] - At upload.php
Fri, 07 Sep 2012 11:06:46 -0500 [UpgradeWizard] - running upload
Fri, 07 Sep 2012 11:06:46 -0500 [UpgradeWizard] - File uploaded to upload://SugarEnt-6.5.4-lang-es_es-20120203.zip
Fri, 07 Sep 2012 11:06:46 -0500 [UpgradeWizard] - extracting manifest.
Fri, 07 Sep 2012 11:06:46 -0500 [UpgradeWizard] - validating manifest.php file
Fri, 07 Sep 2012 11:06:46 -0500 [UpgradeWizard] - ERROR: incorrect patch type found: langpack
Fri, 07 Sep 2012 11:06:46 -0500 [UpgradeWizard] - at unlinkUWTempFiles()
Fri, 07 Sep 2012 11:06:46 -0500 [UpgradeWizard] - finished!
Fri, 07 Sep 2012 11:06:46 -0500 [UpgradeWizard] - finding new files for upgrade
Fri, 07 Sep 2012 11:06:46 -0500 [UpgradeWizard] - *** UW using [  ] as source for patch files.
Fri, 07 Sep 2012 11:13:25 -0500 [UpgradeWizard] - setting session variables...
Fri, 07 Sep 2012 11:13:25 -0500 [UpgradeWizard] - At upload.php
Fri, 07 Sep 2012 11:13:25 -0500 [UpgradeWizard] - running upload
Fri, 07 Sep 2012 11:13:25 -0500 [UpgradeWizard] - File uploaded to upload://SugarEnt-6.5.4-lang-es_es-20120203.zip
Fri, 07 Sep 2012 11:13:25 -0500 [UpgradeWizard] - extracting manifest.
Fri, 07 Sep 2012 11:13:25 -0500 [UpgradeWizard] - validating manifest.php file
Fri, 07 Sep 2012 11:13:25 -0500 [UpgradeWizard] - ERROR: incorrect patch type found: langpack
Fri, 07 Sep 2012 11:13:25 -0500 [UpgradeWizard] - at unlinkUWTempFiles()
Fri, 07 Sep 2012 11:13:25 -0500 [UpgradeWizard] - finished!
Fri, 07 Sep 2012 11:13:25 -0500 [UpgradeWizard] - finding new files for upgrade
Fri, 07 Sep 2012 11:13:25 -0500 [UpgradeWizard] - *** UW using [  ] as source for patch files.
Fri, 07 Sep 2012 11:16:25 -0500 [UpgradeWizard] - setting session variables...
Fri, 07 Sep 2012 11:16:25 -0500 [UpgradeWizard] - At upload.php
Fri, 07 Sep 2012 11:16:25 -0500 [UpgradeWizard] - running upload
Fri, 07 Sep 2012 11:16:25 -0500 [UpgradeWizard] - File uploaded to upload://SugarEnt-6.5.4-lang-es_es-20120203.zip
Fri, 07 Sep 2012 11:16:25 -0500 [UpgradeWizard] - extracting manifest.
Fri, 07 Sep 2012 11:16:25 -0500 [UpgradeWizard] - validating manifest.php file
Fri, 07 Sep 2012 11:16:25 -0500 [UpgradeWizard] - ERROR: incorrect patch type found: langpack
Fri, 07 Sep 2012 11:16:25 -0500 [UpgradeWizard] - at unlinkUWTempFiles()
Fri, 07 Sep 2012 11:16:25 -0500 [UpgradeWizard] - finished!
Fri, 07 Sep 2012 11:16:25 -0500 [UpgradeWizard] - finding new files for upgrade
Fri, 07 Sep 2012 11:16:25 -0500 [UpgradeWizard] - *** UW using [  ] as source for patch files.
Fri, 07 Sep 2012 11:17:08 -0500 [UpgradeWizard] - setting session variables...
Fri, 07 Sep 2012 11:17:08 -0500 [UpgradeWizard] - At upload.php
Fri, 07 Sep 2012 11:17:08 -0500 [UpgradeWizard] - running upload
Fri, 07 Sep 2012 11:17:08 -0500 [UpgradeWizard] - File uploaded to upload://SugarEnt-6.5.4-lang-es_es-20120203.zip
Fri, 07 Sep 2012 11:17:08 -0500 [UpgradeWizard] - extracting manifest.
Fri, 07 Sep 2012 11:17:08 -0500 [UpgradeWizard] - validating manifest.php file
Fri, 07 Sep 2012 11:17:08 -0500 [UpgradeWizard] - ERROR: incorrect patch type found: langpack
Fri, 07 Sep 2012 11:17:08 -0500 [UpgradeWizard] - at unlinkUWTempFiles()
Fri, 07 Sep 2012 11:17:08 -0500 [UpgradeWizard] - finished!
Fri, 07 Sep 2012 11:17:08 -0500 [UpgradeWizard] - finding new files for upgrade
Fri, 07 Sep 2012 11:17:08 -0500 [UpgradeWizard] - *** UW using [  ] as source for patch files.
